Controller,timestamp,availability
POX,04/23/15 11:22:59,100
RYU,04/23/15 11:24:20,0
FLOODLIGHT,04/23/15 11:24:20,0
OPENDAYLICHT,04/23/15 11:24:20,0
POX,04/23/15 11:24:28,100
RYU,04/23/15 11:25:13,0
FLOODLIGHT,04/23/15 11:25:13,0
OPENDAYLICHT,04/23/15 11:25:13,0
POX,04/23/15 11:26:16,100
RYU,04/23/15 11:26:23,0
FLOODLIGHT,04/23/15 11:26:23,0
OPENDAYLICHT,04/23/15 11:26:23,0
POX,04/23/15 11:26:44,100
RYU,04/23/15 11:28:25,0
FLOODLIGHT,04/23/15 11:28:25,0
OPENDAYLICHT,04/23/15 11:28:25,0
POX,04/23/15 11:29:07,100
RYU,04/23/15 11:29:07,0
FLOODLIGHT,04/23/15 11:29:08,0
OPENDAYLICHT,04/23/15 11:29:08,0
POX,04/23/15 11:29:14,100
RYU,04/23/15 11:29:14,0
FLOODLIGHT,04/23/15 11:29:15,0
OPENDAYLICHT,04/23/15 11:29:15,0
POX,04/23/15 11:29:21,100
RYU,04/23/15 11:29:21,0
FLOODLIGHT,04/23/15 11:29:22,0
OPENDAYLICHT,04/23/15 11:29:22,0
POX,04/23/15 11:29:27,100
RYU,04/23/15 11:29:28,0
FLOODLIGHT,04/23/15 11:29:28,0
OPENDAYLICHT,04/23/15 11:29:28,0
POX,04/23/15 11:29:34,100
RYU,04/23/15 11:29:34,0
FLOODLIGHT,04/23/15 11:29:34,0
OPENDAYLICHT,04/23/15 11:29:34,0
POX,04/23/15 11:29:39,100
RYU,04/23/15 11:29:39,0
FLOODLIGHT,04/23/15 11:29:40,0
OPENDAYLICHT,04/23/15 11:29:40,0
POX,04/23/15 11:29:46,100
RYU,04/23/15 11:29:46,0
FLOODLIGHT,04/23/15 11:29:46,0
OPENDAYLICHT,04/23/15 11:29:46,0
POX,04/23/15 11:29:52,100
RYU,04/23/15 11:29:52,0
FLOODLIGHT,04/23/15 11:29:52,0
OPENDAYLICHT,04/23/15 11:29:52,0
POX,04/23/15 11:29:57,100
RYU,04/23/15 11:29:57,0
FLOODLIGHT,04/23/15 11:29:57,0
OPENDAYLICHT,04/23/15 11:29:57,0
POX,04/23/15 11:30:02,100
RYU,04/23/15 11:30:02,0
FLOODLIGHT,04/23/15 11:30:02,0
OPENDAYLICHT,04/23/15 11:30:02,0
POX,04/23/15 11:30:07,100
RYU,04/23/15 11:30:07,0
FLOODLIGHT,04/23/15 11:30:07,0
OPENDAYLICHT,04/23/15 11:30:07,0
POX,04/23/15 11:30:12,100
RYU,04/23/15 11:30:12,0
FLOODLIGHT,04/23/15 11:30:12,0
OPENDAYLICHT,04/23/15 11:30:12,0
POX,04/23/15 11:30:18,100
RYU,04/23/15 11:30:18,0
FLOODLIGHT,04/23/15 11:30:19,0
OPENDAYLICHT,04/23/15 11:30:19,0
POX,04/23/15 11:30:25,100
RYU,04/23/15 11:30:25,0
FLOODLIGHT,04/23/15 11:30:25,0
OPENDAYLICHT,04/23/15 11:30:25,0
POX,04/23/15 11:30:30,100
RYU,04/23/15 11:30:30,0
FLOODLIGHT,04/23/15 11:30:30,0
OPENDAYLICHT,04/23/15 11:30:30,0
POX,04/23/15 11:30:35,100
RYU,04/23/15 11:30:35,0
FLOODLIGHT,04/23/15 11:30:35,0
OPENDAYLICHT,04/23/15 11:30:35,0
POX,04/23/15 11:30:40,100
RYU,04/23/15 11:30:40,0
FLOODLIGHT,04/23/15 11:30:40,0
OPENDAYLICHT,04/23/15 11:30:40,0
POX,04/23/15 11:30:45,100
RYU,04/23/15 11:30:45,0
FLOODLIGHT,04/23/15 11:30:45,0
OPENDAYLICHT,04/23/15 11:30:45,0
POX,04/23/15 11:30:50,100
RYU,04/23/15 11:30:50,0
FLOODLIGHT,04/23/15 11:30:50,0
OPENDAYLICHT,04/23/15 11:30:51,0
POX,04/23/15 11:30:57,100
RYU,04/23/15 11:30:57,0
FLOODLIGHT,04/23/15 11:30:57,0
OPENDAYLICHT,04/23/15 11:30:57,0
POX,04/23/15 11:31:02,100
RYU,04/23/15 11:31:02,0
FLOODLIGHT,04/23/15 11:31:02,0
OPENDAYLICHT,04/23/15 11:31:02,0
POX,04/23/15 11:31:07,100
RYU,04/23/15 11:31:07,0
FLOODLIGHT,04/23/15 11:31:07,0
OPENDAYLICHT,04/23/15 11:31:07,0
POX,04/23/15 11:31:13,100
RYU,04/23/15 11:31:13,0
FLOODLIGHT,04/23/15 11:31:13,0
OPENDAYLICHT,04/23/15 11:31:13,0
POX,04/23/15 11:31:18,100
RYU,04/23/15 11:31:18,0
FLOODLIGHT,04/23/15 11:31:18,0
OPENDAYLICHT,04/23/15 11:31:18,0
POX,04/23/15 11:31:24,100
RYU,04/23/15 11:31:24,0
FLOODLIGHT,04/23/15 11:31:25,0
OPENDAYLICHT,04/23/15 11:31:25,0
POX,04/23/15 11:31:31,100
RYU,04/23/15 11:31:31,0
FLOODLIGHT,04/23/15 11:31:31,0
OPENDAYLICHT,04/23/15 11:31:31,0
POX,04/23/15 11:31:36,100
RYU,04/23/15 11:31:37,0
FLOODLIGHT,04/23/15 11:31:37,0
OPENDAYLICHT,04/23/15 11:31:37,0
POX,04/23/15 11:31:42,100
RYU,04/23/15 11:31:42,0
FLOODLIGHT,04/23/15 11:31:42,0
OPENDAYLICHT,04/23/15 11:31:42,0
POX,04/23/15 11:31:48,100
RYU,04/23/15 11:31:48,0
FLOODLIGHT,04/23/15 11:31:48,0
OPENDAYLICHT,04/23/15 11:31:48,0
POX,04/23/15 11:31:53,100
RYU,04/23/15 11:31:53,0
FLOODLIGHT,04/23/15 11:31:53,0
OPENDAYLICHT,04/23/15 11:31:53,0
POX,04/23/15 11:31:58,100
RYU,04/23/15 11:31:59,0
FLOODLIGHT,04/23/15 11:31:59,0
OPENDAYLICHT,04/23/15 11:31:59,0
POX,04/23/15 11:32:05,100
RYU,04/23/15 11:32:05,0
FLOODLIGHT,04/23/15 11:32:06,0
OPENDAYLICHT,04/23/15 11:32:06,0
POX,04/23/15 11:32:11,100
RYU,04/23/15 11:32:11,0
FLOODLIGHT,04/23/15 11:32:12,0
OPENDAYLICHT,04/23/15 11:32:12,0
POX,04/23/15 11:32:17,100
RYU,04/23/15 11:32:17,0
FLOODLIGHT,04/23/15 11:32:18,0
OPENDAYLICHT,04/23/15 11:32:18,0
POX,04/23/15 11:32:23,100
RYU,04/23/15 11:32:24,0
FLOODLIGHT,04/23/15 11:32:24,0
OPENDAYLICHT,04/23/15 11:32:24,0
POX,04/23/15 11:32:29,100
RYU,04/23/15 11:32:29,0
FLOODLIGHT,04/23/15 11:32:29,0
OPENDAYLICHT,04/23/15 11:32:29,0
POX,04/23/15 11:32:35,100
RYU,04/23/15 11:32:35,0
FLOODLIGHT,04/23/15 11:32:35,0
OPENDAYLICHT,04/23/15 11:32:35,0
POX,04/23/15 11:32:40,100
RYU,04/23/15 11:32:40,0
FLOODLIGHT,04/23/15 11:32:40,0
OPENDAYLICHT,04/23/15 11:32:40,0
POX,04/23/15 11:32:45,100
RYU,04/23/15 11:32:45,0
FLOODLIGHT,04/23/15 11:32:45,0
OPENDAYLICHT,04/23/15 11:32:45,0
POX,04/23/15 11:32:51,100
RYU,04/23/15 11:32:51,0
FLOODLIGHT,04/23/15 11:32:51,0
OPENDAYLICHT,04/23/15 11:32:51,0
POX,04/23/15 11:32:56,100
RYU,04/23/15 11:32:56,0
FLOODLIGHT,04/23/15 11:32:56,0
OPENDAYLICHT,04/23/15 11:32:56,0
POX,04/23/15 11:33:01,100
RYU,04/23/15 11:33:01,0
FLOODLIGHT,04/23/15 11:33:01,0
OPENDAYLICHT,04/23/15 11:33:01,0
POX,04/23/15 11:33:07,100
RYU,04/23/15 11:33:07,0
FLOODLIGHT,04/23/15 11:33:07,0
OPENDAYLICHT,04/23/15 11:33:07,0
POX,04/23/15 11:33:12,100
RYU,04/23/15 11:33:12,0
FLOODLIGHT,04/23/15 11:33:13,0
OPENDAYLICHT,04/23/15 11:33:13,0
POX,04/23/15 11:33:18,100
RYU,04/23/15 11:33:19,0
FLOODLIGHT,04/23/15 11:33:19,0
OPENDAYLICHT,04/23/15 11:33:19,0
POX,04/23/15 11:33:24,100
RYU,04/23/15 11:33:24,0
FLOODLIGHT,04/23/15 11:33:24,0
OPENDAYLICHT,04/23/15 11:33:24,0
POX,04/23/15 11:33:30,100
RYU,04/23/15 11:33:30,0
FLOODLIGHT,04/23/15 11:33:30,0
OPENDAYLICHT,04/23/15 11:33:30,0
POX,04/23/15 11:33:35,100
RYU,04/23/15 11:33:35,0
FLOODLIGHT,04/23/15 11:33:35,0
OPENDAYLICHT,04/23/15 11:33:35,0
POX,04/23/15 11:33:40,100
RYU,04/23/15 11:33:41,0
FLOODLIGHT,04/23/15 11:33:41,0
OPENDAYLICHT,04/23/15 11:33:41,0
POX,04/23/15 11:33:46,100
RYU,04/23/15 11:33:46,0
FLOODLIGHT,04/23/15 11:33:46,0
OPENDAYLICHT,04/23/15 11:33:46,0
POX,04/23/15 11:33:51,100
RYU,04/23/15 11:33:51,0
FLOODLIGHT,04/23/15 11:33:51,0
OPENDAYLICHT,04/23/15 11:33:51,0
POX,04/23/15 11:33:56,100
RYU,04/23/15 11:33:56,0
FLOODLIGHT,04/23/15 11:33:56,0
OPENDAYLICHT,04/23/15 11:33:56,0
POX,04/23/15 11:34:01,100
RYU,04/23/15 11:34:01,0
FLOODLIGHT,04/23/15 11:34:01,0
OPENDAYLICHT,04/23/15 11:34:01,0
POX,04/23/15 11:34:06,100
RYU,04/23/15 11:34:06,0
FLOODLIGHT,04/23/15 11:34:06,0
OPENDAYLICHT,04/23/15 11:34:06,0
POX,04/23/15 11:34:13,100
RYU,04/23/15 11:34:13,0
FLOODLIGHT,04/23/15 11:34:13,0
OPENDAYLICHT,04/23/15 11:34:13,0
POX,04/23/15 11:34:19,100
RYU,04/23/15 11:34:19,0
FLOODLIGHT,04/23/15 11:34:19,0
OPENDAYLICHT,04/23/15 11:34:19,0
POX,04/23/15 11:34:24,100
RYU,04/23/15 11:34:24,0
FLOODLIGHT,04/23/15 11:34:24,0
OPENDAYLICHT,04/23/15 11:34:24,0
POX,04/23/15 11:34:29,100
RYU,04/23/15 11:34:29,0
FLOODLIGHT,04/23/15 11:34:29,0
OPENDAYLICHT,04/23/15 11:34:29,0
POX,04/23/15 11:34:34,100
RYU,04/23/15 11:34:34,0
FLOODLIGHT,04/23/15 11:34:34,0
OPENDAYLICHT,04/23/15 11:34:34,0
POX,04/23/15 11:34:39,100
RYU,04/23/15 11:34:39,0
FLOODLIGHT,04/23/15 11:34:39,0
OPENDAYLICHT,04/23/15 11:34:40,0
POX,04/23/15 11:34:45,100
RYU,04/23/15 11:34:45,0
FLOODLIGHT,04/23/15 11:34:45,0
OPENDAYLICHT,04/23/15 11:34:45,0
POX,04/23/15 11:34:50,100
RYU,04/23/15 11:34:50,0
FLOODLIGHT,04/23/15 11:34:50,0
OPENDAYLICHT,04/23/15 11:34:50,0
POX,04/23/15 11:34:56,100
RYU,04/23/15 11:34:56,0
FLOODLIGHT,04/23/15 11:34:56,0
OPENDAYLICHT,04/23/15 11:34:56,0
POX,04/23/15 11:35:01,100
RYU,04/23/15 11:35:02,0
FLOODLIGHT,04/23/15 11:35:02,0
OPENDAYLICHT,04/23/15 11:35:02,0
POX,04/23/15 11:35:07,100
RYU,04/23/15 11:35:07,0
FLOODLIGHT,04/23/15 11:35:07,0
OPENDAYLICHT,04/23/15 11:35:07,0
POX,04/23/15 11:35:12,100
RYU,04/23/15 11:35:12,0
FLOODLIGHT,04/23/15 11:35:13,0
OPENDAYLICHT,04/23/15 11:35:13,0
POX,04/23/15 11:35:19,100
RYU,04/23/15 11:35:19,0
FLOODLIGHT,04/23/15 11:35:19,0
OPENDAYLICHT,04/23/15 11:35:19,0
POX,04/23/15 11:35:24,100
RYU,04/23/15 11:35:24,0
FLOODLIGHT,04/23/15 11:35:24,0
OPENDAYLICHT,04/23/15 11:36:27,0
POX,04/23/15 11:36:32,100
RYU,04/23/15 11:36:32,0
FLOODLIGHT,04/23/15 11:36:32,0
OPENDAYLICHT,04/23/15 11:37:35,0
POX,04/23/15 11:37:40,100
RYU,04/23/15 11:37:40,0
FLOODLIGHT,04/23/15 11:37:40,0
OPENDAYLICHT,04/23/15 11:38:43,0
POX,04/23/15 11:38:48,100
RYU,04/23/15 11:38:48,0
FLOODLIGHT,04/23/15 11:38:48,0
OPENDAYLICHT,04/23/15 11:39:51,0
POX,04/23/15 11:39:56,100
RYU,04/23/15 11:39:57,0
FLOODLIGHT,04/23/15 11:39:57,0
OPENDAYLICHT,04/23/15 11:41:00,0
POX,04/23/15 11:41:05,100
RYU,04/23/15 11:41:05,0
FLOODLIGHT,04/23/15 11:41:05,0
OPENDAYLICHT,04/23/15 11:42:08,0
POX,04/23/15 11:42:13,100
RYU,04/23/15 11:42:13,0
FLOODLIGHT,04/23/15 11:42:13,0
OPENDAYLICHT,04/23/15 11:43:16,0
POX,04/23/15 11:43:21,100
RYU,04/23/15 11:43:21,0
FLOODLIGHT,04/23/15 11:43:22,0
OPENDAYLICHT,04/23/15 11:44:25,0
POX,04/23/15 11:44:30,100
RYU,04/23/15 11:44:30,0
FLOODLIGHT,04/23/15 11:44:30,0
OPENDAYLICHT,04/23/15 11:45:33,0
POX,04/23/15 11:45:38,100
RYU,04/23/15 11:45:38,0
FLOODLIGHT,04/23/15 11:45:38,0
OPENDAYLICHT,04/23/15 11:46:19,0
POX,04/23/15 11:46:24,100
RYU,04/23/15 11:46:24,0
FLOODLIGHT,04/23/15 11:46:24,0
OPENDAYLICHT,04/23/15 11:47:27,0
POX,04/23/15 11:47:32,100
RYU,04/23/15 11:47:32,0
FLOODLIGHT,04/23/15 11:47:32,0
OPENDAYLICHT,04/23/15 11:48:35,0
POX,04/23/15 11:48:40,100
RYU,04/23/15 11:48:40,0
FLOODLIGHT,04/23/15 11:48:40,0
OPENDAYLICHT,04/23/15 11:49:43,0
POX,04/23/15 11:49:48,100
RYU,04/23/15 11:49:48,0
FLOODLIGHT,04/23/15 11:49:48,0
OPENDAYLICHT,04/23/15 11:50:51,0
POX,04/23/15 11:50:57,100
RYU,04/23/15 11:50:57,0
FLOODLIGHT,04/23/15 11:50:57,0
OPENDAYLICHT,04/23/15 11:52:00,0
POX,04/23/15 11:52:05,100
RYU,04/23/15 11:52:05,0
FLOODLIGHT,04/23/15 11:52:05,0
OPENDAYLICHT,04/23/15 11:52:51,0
POX,04/23/15 11:52:56,100
RYU,04/23/15 11:52:56,0
FLOODLIGHT,04/23/15 11:52:56,0
OPENDAYLICHT,04/23/15 11:53:59,0
POX,04/23/15 11:54:04,100
RYU,04/23/15 11:54:04,0
FLOODLIGHT,04/23/15 11:54:04,0
OPENDAYLICHT,04/23/15 11:55:07,0
POX,04/23/15 11:55:12,100
RYU,04/23/15 11:55:12,0
FLOODLIGHT,04/23/15 11:55:12,0
OPENDAYLICHT,04/23/15 11:56:15,0
POX,04/23/15 11:56:20,100
RYU,04/23/15 11:56:20,0
FLOODLIGHT,04/23/15 11:56:20,0
OPENDAYLICHT,04/23/15 11:56:43,0
POX,04/23/15 11:56:48,100
RYU,04/23/15 11:56:48,0
FLOODLIGHT,04/23/15 11:56:48,0
OPENDAYLICHT,04/23/15 11:56:58,0
POX,04/23/15 20:46:26,100
RYU,04/23/15 20:46:26,0
FLOODLIGHT,04/23/15 20:46:26,0
OPENDAYLICHT,04/23/15 20:46:31,0
POX,04/23/15 20:46:36,100
RYU,04/23/15 20:46:36,0
FLOODLIGHT,04/23/15 20:46:36,0
OPENDAYLICHT,04/23/15 20:47:39,0
POX,04/23/15 20:47:44,100
RYU,04/23/15 20:47:44,0
FLOODLIGHT,04/23/15 20:47:44,0
OPENDAYLICHT,04/23/15 20:48:47,0
POX,04/23/15 20:48:52,100
RYU,04/23/15 20:48:53,100
FLOODLIGHT,04/23/15 20:48:53,0
OPENDAYLICHT,04/23/15 20:49:56,0
POX,04/23/15 20:50:01,100
RYU,04/23/15 20:50:01,100
FLOODLIGHT,04/23/15 20:50:01,0
OPENDAYLICHT,04/23/15 20:51:04,0
POX,04/23/15 20:51:09,100
RYU,04/23/15 20:51:09,100
FLOODLIGHT,04/23/15 20:51:09,0
OPENDAYLICHT,04/23/15 20:52:12,0
POX,04/23/15 20:52:17,100
RYU,04/23/15 20:52:17,100
FLOODLIGHT,04/23/15 20:52:17,0
OPENDAYLICHT,04/23/15 20:53:20,0
POX,04/23/15 20:53:25,100
RYU,04/23/15 20:53:25,100
FLOODLIGHT,04/23/15 20:53:26,0
OPENDAYLICHT,04/23/15 20:54:29,0
POX,04/23/15 20:54:34,100
RYU,04/23/15 20:54:34,100
FLOODLIGHT,04/23/15 20:54:34,0
OPENDAYLICHT,04/23/15 20:55:37,0
POX,04/23/15 20:55:42,100
RYU,04/23/15 20:55:42,100
FLOODLIGHT,04/23/15 20:55:42,0
OPENDAYLICHT,04/23/15 20:56:45,0
POX,04/23/15 20:56:50,100
RYU,04/23/15 20:56:50,100
FLOODLIGHT,04/23/15 20:56:50,0
OPENDAYLICHT,04/23/15 20:57:53,0
POX,04/23/15 20:57:58,100
RYU,04/23/15 20:57:58,100
FLOODLIGHT,04/23/15 20:57:58,0
OPENDAYLICHT,04/23/15 20:59:01,0
POX,04/23/15 20:59:07,100
RYU,04/23/15 20:59:07,100
FLOODLIGHT,04/23/15 20:59:07,0
OPENDAYLICHT,04/23/15 21:00:10,0
POX,04/23/15 21:00:15,100
RYU,04/23/15 21:00:15,100
FLOODLIGHT,04/23/15 21:00:15,0
OPENDAYLICHT,04/23/15 21:01:18,0
POX,04/23/15 21:01:23,100
RYU,04/23/15 21:01:23,100
FLOODLIGHT,04/23/15 21:01:23,0
OPENDAYLICHT,04/23/15 21:02:26,0
POX,04/23/15 21:02:31,100
RYU,04/23/15 21:02:31,100
FLOODLIGHT,04/23/15 21:02:31,0
OPENDAYLICHT,04/23/15 21:03:34,0
POX,04/23/15 21:03:39,100
RYU,04/23/15 21:03:39,100
FLOODLIGHT,04/23/15 21:03:40,0
OPENDAYLICHT,04/23/15 21:04:43,0
POX,04/23/15 21:04:48,100
RYU,04/23/15 21:04:48,100
FLOODLIGHT,04/23/15 21:04:48,0
OPENDAYLICHT,04/23/15 21:05:51,0
POX,04/23/15 21:05:56,100
RYU,04/23/15 21:05:56,100
FLOODLIGHT,04/23/15 21:05:56,0
OPENDAYLICHT,04/23/15 21:06:59,0
POX,04/23/15 21:07:04,100
RYU,04/23/15 21:07:04,100
FLOODLIGHT,04/23/15 21:07:04,0
POX,04/23/15 21:34:38,100
RYU,04/23/15 21:34:38,100
FLOODLIGHT,04/23/15 21:34:38,100
OPENDAYLICHT,04/23/15 21:35:41,0
POX,04/23/15 21:35:46,100
RYU,04/23/15 21:35:47,100
FLOODLIGHT,04/23/15 21:35:47,100
OPENDAYLICHT,04/23/15 21:36:50,0
POX,04/23/15 21:36:55,100
RYU,04/23/15 21:36:55,100
FLOODLIGHT,04/23/15 21:36:55,100
OPENDAYLICHT,04/23/15 21:37:58,0
POX,04/23/15 21:38:03,100
RYU,04/23/15 21:38:03,100
FLOODLIGHT,04/23/15 21:38:03,100
OPENDAYLICHT,04/23/15 21:39:06,0
POX,04/23/15 21:39:11,100
RYU,04/23/15 21:39:11,100
FLOODLIGHT,04/23/15 21:39:11,100
POX,04/23/15 21:43:20,100
RYU,04/23/15 21:43:20,100
FLOODLIGHT,04/23/15 21:43:20,100
OPENDAYLICHT,04/23/15 21:44:23,0
POX,04/23/15 21:45:18,100
RYU,04/23/15 21:45:19,100
FLOODLIGHT,04/23/15 21:45:19,100
POX,04/23/15 21:53:04,100
RYU,04/23/15 21:53:04,100
FLOODLIGHT,04/23/15 21:53:04,100
OPENDAYLICHT,04/23/15 21:54:07,0
POX,04/23/15 21:54:12,100
RYU,04/23/15 21:54:12,100
FLOODLIGHT,04/23/15 21:54:12,100
POX,04/23/15 22:24:23,100
RYU,04/23/15 22:24:23,100
FLOODLIGHT,04/23/15 22:24:23,100
POX,04/23/15 22:25:16,100
RYU,04/23/15 22:25:16,100
FLOODLIGHT,04/23/15 22:25:16,100
OPENDAYLICHT,04/23/15 22:25:20,0
OPENDAYLICHT,04/23/15 22:25:26,0
POX,04/23/15 22:25:31,100
RYU,04/23/15 22:25:31,100
FLOODLIGHT,04/23/15 22:25:31,100
OPENDAYLICHT,04/23/15 22:26:34,0
POX,04/23/15 22:26:40,100
RYU,04/23/15 22:26:40,100
FLOODLIGHT,04/23/15 22:26:40,100
OPENDAYLICHT,04/23/15 22:27:43,0
POX,04/23/15 22:27:48,100
RYU,04/23/15 22:27:48,100
FLOODLIGHT,04/23/15 22:27:48,100
OPENDAYLICHT,04/23/15 22:28:51,0
POX,04/23/15 22:28:56,100
RYU,04/23/15 22:28:56,100
FLOODLIGHT,04/23/15 22:28:56,100
OPENDAYLICHT,04/23/15 22:29:59,0
POX,04/23/15 22:30:04,100
RYU,04/23/15 22:30:04,100
FLOODLIGHT,04/23/15 22:30:04,100
OPENDAYLICHT,04/23/15 22:31:07,0
POX,04/23/15 22:31:12,100
RYU,04/23/15 22:31:12,100
FLOODLIGHT,04/23/15 22:31:12,100
OPENDAYLICHT,04/23/15 22:31:24,0
POX,04/23/15 22:40:49,100
RYU,04/23/15 22:40:49,100
FLOODLIGHT,04/23/15 22:40:49,100
OPENDAYLICHT,04/23/15 22:40:49,100
POX,04/23/15 22:40:55,100
RYU,04/23/15 22:40:55,100
FLOODLIGHT,04/23/15 22:40:55,100
OPENDAYLICHT,04/23/15 22:40:55,100
POX,04/23/15 22:41:00,100
RYU,04/23/15 22:41:00,100
FLOODLIGHT,04/23/15 22:41:00,100
OPENDAYLICHT,04/23/15 22:41:00,100
POX,04/23/15 22:41:05,100
RYU,04/23/15 22:41:05,100
FLOODLIGHT,04/23/15 22:41:05,100
OPENDAYLICHT,04/23/15 22:41:05,100
POX,04/23/15 22:41:10,100
RYU,04/23/15 22:41:11,100
FLOODLIGHT,04/23/15 22:41:11,100
OPENDAYLICHT,04/23/15 22:41:11,100
POX,04/23/15 22:41:16,100
RYU,04/23/15 22:41:16,100
FLOODLIGHT,04/23/15 22:41:16,100
OPENDAYLICHT,04/23/15 22:41:16,100
POX,04/23/15 22:43:05,100
RYU,04/23/15 22:43:05,100
FLOODLIGHT,04/23/15 22:43:05,100
OPENDAYLICHT,04/23/15 22:43:05,100
POX,04/23/15 22:43:10,100
RYU,04/23/15 22:43:10,100
FLOODLIGHT,04/23/15 22:43:10,100
OPENDAYLICHT,04/23/15 22:43:10,100
POX,04/23/15 22:43:15,100
RYU,04/23/15 22:43:16,100
FLOODLIGHT,04/23/15 22:43:16,100
OPENDAYLICHT,04/23/15 22:43:16,100
POX,04/23/15 22:43:21,100
RYU,04/23/15 22:43:21,100
FLOODLIGHT,04/23/15 22:43:21,100
OPENDAYLICHT,04/23/15 22:43:21,100
POX,04/23/15 22:43:26,100
RYU,04/23/15 22:43:26,100
FLOODLIGHT,04/23/15 22:43:26,100
OPENDAYLICHT,04/23/15 22:43:26,100
POX,04/23/15 22:43:31,100
RYU,04/23/15 22:43:31,100
FLOODLIGHT,04/23/15 22:43:31,100
OPENDAYLICHT,04/23/15 22:43:31,100
POX,04/23/15 22:43:36,100
RYU,04/23/15 22:43:37,100
FLOODLIGHT,04/23/15 22:43:37,100
OPENDAYLICHT,04/23/15 22:43:37,100
POX,04/23/15 22:43:42,100
RYU,04/23/15 22:43:42,100
FLOODLIGHT,04/23/15 22:43:42,100
OPENDAYLICHT,04/23/15 22:43:42,100
POX,04/23/15 22:43:47,100
RYU,04/23/15 22:43:47,100
FLOODLIGHT,04/23/15 22:43:47,100
OPENDAYLICHT,04/23/15 22:43:47,100
POX,04/23/15 22:43:52,100
RYU,04/23/15 22:43:52,100
FLOODLIGHT,04/23/15 22:43:52,100
OPENDAYLICHT,04/23/15 22:43:52,100
POX,04/23/15 22:43:57,100
RYU,04/23/15 22:43:58,100
FLOODLIGHT,04/23/15 22:43:58,100
OPENDAYLICHT,04/23/15 22:43:58,100
POX,04/23/15 22:44:03,100
RYU,04/23/15 22:44:03,100
FLOODLIGHT,04/23/15 22:44:03,100
OPENDAYLICHT,04/23/15 22:44:03,100
POX,04/23/15 22:44:08,100
RYU,04/23/15 22:44:08,100
FLOODLIGHT,04/23/15 22:44:08,100
OPENDAYLICHT,04/23/15 22:44:08,100
POX,04/23/15 22:44:13,100
RYU,04/23/15 22:44:13,100
FLOODLIGHT,04/23/15 22:44:13,100
OPENDAYLICHT,04/23/15 22:44:13,100
POX,04/23/15 22:44:19,100
RYU,04/23/15 22:44:19,100
FLOODLIGHT,04/23/15 22:44:19,100
OPENDAYLICHT,04/23/15 22:44:19,100
POX,04/23/15 22:44:24,100
RYU,04/23/15 22:44:24,100
FLOODLIGHT,04/23/15 22:44:24,100
OPENDAYLICHT,04/23/15 22:44:24,100
POX,04/23/15 22:44:29,100
RYU,04/23/15 22:44:29,100
FLOODLIGHT,04/23/15 22:44:29,100
OPENDAYLICHT,04/23/15 22:44:29,100
POX,04/23/15 22:44:34,100
RYU,04/23/15 22:44:35,100
FLOODLIGHT,04/23/15 22:44:35,100
OPENDAYLICHT,04/23/15 22:44:35,100
POX,04/23/15 22:44:40,100
RYU,04/23/15 22:44:40,100
FLOODLIGHT,04/23/15 22:44:40,100
OPENDAYLICHT,04/23/15 22:44:41,100
POX,04/23/15 22:44:46,100
RYU,04/23/15 22:44:46,100
FLOODLIGHT,04/23/15 22:44:46,100
OPENDAYLICHT,04/23/15 22:44:46,100
POX,04/23/15 22:44:51,100
RYU,04/23/15 22:44:51,100
FLOODLIGHT,04/23/15 22:44:51,100
OPENDAYLICHT,04/23/15 22:44:51,100
POX,04/23/15 22:44:56,100
RYU,04/23/15 22:44:57,100
FLOODLIGHT,04/23/15 22:44:57,100
OPENDAYLICHT,04/23/15 22:44:57,100
POX,04/23/15 22:45:02,100
RYU,04/23/15 22:45:02,100
FLOODLIGHT,04/23/15 22:45:02,100
OPENDAYLICHT,04/23/15 22:45:02,100
POX,04/23/15 22:45:07,100
RYU,04/23/15 22:45:07,100
FLOODLIGHT,04/23/15 22:45:07,100
OPENDAYLICHT,04/23/15 22:45:07,100
POX,04/23/15 22:45:12,100
RYU,04/23/15 22:45:12,100
FLOODLIGHT,04/23/15 22:45:12,100
OPENDAYLICHT,04/23/15 22:45:12,100
POX,04/23/15 22:45:18,100
RYU,04/23/15 22:45:18,100
FLOODLIGHT,04/23/15 22:45:18,100
OPENDAYLICHT,04/23/15 22:45:18,100
POX,04/23/15 22:45:23,100
RYU,04/23/15 22:45:23,100
FLOODLIGHT,04/23/15 22:45:23,100
OPENDAYLICHT,04/23/15 22:45:23,100
POX,04/23/15 22:45:28,100
RYU,04/23/15 22:45:28,100
FLOODLIGHT,04/23/15 22:45:28,100
OPENDAYLICHT,04/23/15 22:45:28,100
POX,04/23/15 22:45:33,100
RYU,04/23/15 22:45:33,100
FLOODLIGHT,04/23/15 22:45:33,100
OPENDAYLICHT,04/23/15 22:45:34,100
POX,04/23/15 22:45:39,100
RYU,04/23/15 22:45:39,100
FLOODLIGHT,04/23/15 22:45:39,100
OPENDAYLICHT,04/23/15 22:45:39,100
POX,04/23/15 22:45:44,100
RYU,04/23/15 22:45:44,100
FLOODLIGHT,04/23/15 22:45:44,100
OPENDAYLICHT,04/23/15 22:45:44,100
POX,04/23/15 22:45:49,100
RYU,04/23/15 22:45:49,100
FLOODLIGHT,04/23/15 22:45:49,100
OPENDAYLICHT,04/23/15 22:45:49,100
POX,04/23/15 22:45:54,100
RYU,04/23/15 22:45:55,100
FLOODLIGHT,04/23/15 22:45:55,100
OPENDAYLICHT,04/23/15 22:45:55,100
POX,04/23/15 22:46:00,100
RYU,04/23/15 22:46:00,100
FLOODLIGHT,04/23/15 22:46:00,100
OPENDAYLICHT,04/23/15 22:46:00,100
POX,04/23/15 22:46:05,100
RYU,04/23/15 22:46:05,100
FLOODLIGHT,04/23/15 22:46:05,100
OPENDAYLICHT,04/23/15 22:46:05,100
POX,04/23/15 22:46:10,100
RYU,04/23/15 22:46:10,100
FLOODLIGHT,04/23/15 22:46:10,100
OPENDAYLICHT,04/23/15 22:46:10,100
POX,04/23/15 22:46:15,100
RYU,04/23/15 22:46:16,100
FLOODLIGHT,04/23/15 22:46:16,100
OPENDAYLICHT,04/23/15 22:46:16,100
POX,04/23/15 22:46:21,100
RYU,04/23/15 22:46:21,100
FLOODLIGHT,04/23/15 22:46:21,100
OPENDAYLICHT,04/23/15 22:46:21,100
POX,04/23/15 22:46:26,100
RYU,04/23/15 22:46:26,100
FLOODLIGHT,04/23/15 22:46:26,100
OPENDAYLICHT,04/23/15 22:46:26,100
POX,04/23/15 22:46:31,100
RYU,04/23/15 22:46:31,100
FLOODLIGHT,04/23/15 22:46:31,100
OPENDAYLICHT,04/23/15 22:46:31,100
POX,04/23/15 22:46:36,100
RYU,04/23/15 22:46:36,100
FLOODLIGHT,04/23/15 22:46:36,100
OPENDAYLICHT,04/23/15 22:46:37,100
POX,04/23/15 22:46:42,100
RYU,04/23/15 22:46:42,100
FLOODLIGHT,04/23/15 22:46:42,100
OPENDAYLICHT,04/23/15 22:46:42,100
POX,04/23/15 22:46:47,100
RYU,04/23/15 22:46:47,100
FLOODLIGHT,04/23/15 22:46:47,100
OPENDAYLICHT,04/23/15 22:46:47,100
POX,04/23/15 22:46:52,100
RYU,04/23/15 22:46:52,100
FLOODLIGHT,04/23/15 22:46:52,100
OPENDAYLICHT,04/23/15 22:46:52,100
POX,04/23/15 22:46:57,100
RYU,04/23/15 22:46:58,100
FLOODLIGHT,04/23/15 22:46:58,100
OPENDAYLICHT,04/23/15 22:46:58,100
POX,04/23/15 22:47:03,100
RYU,04/23/15 22:47:03,100
FLOODLIGHT,04/23/15 22:47:03,100
OPENDAYLICHT,04/23/15 22:47:03,100
POX,04/23/15 22:47:08,100
RYU,04/23/15 22:47:08,100
FLOODLIGHT,04/23/15 22:47:08,100
OPENDAYLICHT,04/23/15 22:47:08,100
POX,04/23/15 22:47:13,100
RYU,04/23/15 22:47:13,100
FLOODLIGHT,04/23/15 22:47:13,100
OPENDAYLICHT,04/23/15 22:47:14,100
POX,04/23/15 22:47:19,100
RYU,04/23/15 22:47:19,100
FLOODLIGHT,04/23/15 22:47:19,100
OPENDAYLICHT,04/23/15 22:47:19,100
POX,04/23/15 22:47:24,100
RYU,04/23/15 22:47:24,100
FLOODLIGHT,04/23/15 22:47:24,100
OPENDAYLICHT,04/23/15 22:47:24,100
POX,04/23/15 22:47:29,100
RYU,04/23/15 22:47:29,100
FLOODLIGHT,04/23/15 22:47:29,100
OPENDAYLICHT,04/23/15 22:47:30,100
POX,04/23/15 22:47:35,100
RYU,04/23/15 22:47:35,100
FLOODLIGHT,04/23/15 22:47:35,100
OPENDAYLICHT,04/23/15 22:47:35,100
POX,04/23/15 22:47:40,100
RYU,04/23/15 22:47:40,100
FLOODLIGHT,04/23/15 22:47:40,100
OPENDAYLICHT,04/23/15 22:47:40,100
POX,04/23/15 22:47:45,100
RYU,04/23/15 22:47:45,100
FLOODLIGHT,04/23/15 22:47:45,100
OPENDAYLICHT,04/23/15 22:47:45,100
POX,04/23/15 22:47:51,100
RYU,04/23/15 22:47:51,100
FLOODLIGHT,04/23/15 22:47:51,100
OPENDAYLICHT,04/23/15 22:47:51,100
POX,04/23/15 22:47:56,100
RYU,04/23/15 22:47:56,100
FLOODLIGHT,04/23/15 22:47:56,100
OPENDAYLICHT,04/23/15 22:47:56,100
POX,04/23/15 22:48:01,100
RYU,04/23/15 22:48:01,100
FLOODLIGHT,04/23/15 22:48:01,100
OPENDAYLICHT,04/23/15 22:48:01,100
POX,04/23/15 22:48:06,100
RYU,04/23/15 22:48:06,100
FLOODLIGHT,04/23/15 22:48:06,100
OPENDAYLICHT,04/23/15 22:48:07,100
POX,04/23/15 22:48:12,100
RYU,04/23/15 22:48:12,100
FLOODLIGHT,04/23/15 22:48:12,100
OPENDAYLICHT,04/23/15 22:48:12,100
POX,04/23/15 22:48:17,100
RYU,04/23/15 22:48:17,100
FLOODLIGHT,04/23/15 22:48:17,100
OPENDAYLICHT,04/23/15 22:48:17,100
POX,04/23/15 22:48:22,100
RYU,04/23/15 22:48:22,100
FLOODLIGHT,04/23/15 22:48:22,100
OPENDAYLICHT,04/23/15 22:48:22,100
POX,04/23/15 22:48:27,100
RYU,04/23/15 22:48:28,100
FLOODLIGHT,04/23/15 22:48:28,100
OPENDAYLICHT,04/23/15 22:48:28,100
POX,04/23/15 22:48:33,100
RYU,04/23/15 22:48:34,100
FLOODLIGHT,04/23/15 22:48:34,100
OPENDAYLICHT,04/23/15 22:48:34,100
POX,04/23/15 22:48:39,100
RYU,04/23/15 22:48:39,100
FLOODLIGHT,04/23/15 22:48:39,100
OPENDAYLICHT,04/23/15 22:48:39,100
POX,04/23/15 22:48:44,100
RYU,04/23/15 22:48:44,100
FLOODLIGHT,04/23/15 22:48:44,100
OPENDAYLICHT,04/23/15 22:48:44,100
POX,04/23/15 22:48:49,100
RYU,04/23/15 22:48:49,100
FLOODLIGHT,04/23/15 22:48:49,100
OPENDAYLICHT,04/23/15 22:48:49,100
POX,04/23/15 22:48:54,100
RYU,04/23/15 22:48:55,100
FLOODLIGHT,04/23/15 22:48:55,100
OPENDAYLICHT,04/23/15 22:48:55,100
POX,04/23/15 22:49:00,100
RYU,04/23/15 22:49:00,100
FLOODLIGHT,04/23/15 22:49:00,100
OPENDAYLICHT,04/23/15 22:49:00,100
POX,04/23/15 22:49:05,100
RYU,04/23/15 22:49:05,100
FLOODLIGHT,04/23/15 22:49:05,100
OPENDAYLICHT,04/23/15 22:49:05,100
POX,04/23/15 22:49:10,100
RYU,04/23/15 22:49:10,100
FLOODLIGHT,04/23/15 22:49:10,100
OPENDAYLICHT,04/23/15 22:49:11,100
POX,04/23/15 22:49:16,100
RYU,04/23/15 22:49:16,100
FLOODLIGHT,04/23/15 22:49:16,100
OPENDAYLICHT,04/23/15 22:49:16,100
POX,04/23/15 22:49:21,100
RYU,04/23/15 22:49:21,100
FLOODLIGHT,04/23/15 22:49:21,100
OPENDAYLICHT,04/23/15 22:49:21,100
POX,04/23/15 22:49:26,100
RYU,04/23/15 22:49:26,100
FLOODLIGHT,04/23/15 22:49:26,100
OPENDAYLICHT,04/23/15 22:49:26,100
POX,04/23/15 22:49:31,100
RYU,04/23/15 22:49:31,100
FLOODLIGHT,04/23/15 22:49:31,100
OPENDAYLICHT,04/23/15 22:49:32,100
POX,04/23/15 22:49:37,100
RYU,04/23/15 22:49:37,100
FLOODLIGHT,04/23/15 22:49:37,100
OPENDAYLICHT,04/23/15 22:49:37,100
POX,04/23/15 22:49:42,100
RYU,04/23/15 22:49:42,100
FLOODLIGHT,04/23/15 22:49:42,100
OPENDAYLICHT,04/23/15 22:49:42,100
POX,04/23/15 22:49:47,100
RYU,04/23/15 22:49:47,100
FLOODLIGHT,04/23/15 22:49:47,100
OPENDAYLICHT,04/23/15 22:49:47,100
POX,04/23/15 22:49:52,100
RYU,04/23/15 22:49:52,100
FLOODLIGHT,04/23/15 22:49:52,100
OPENDAYLICHT,04/23/15 22:49:53,100
POX,04/23/15 22:49:58,100
RYU,04/23/15 22:49:58,100
FLOODLIGHT,04/23/15 22:49:58,100
OPENDAYLICHT,04/23/15 22:49:58,100
POX,04/23/15 22:50:03,100
RYU,04/23/15 22:50:03,100
FLOODLIGHT,04/23/15 22:50:03,100
OPENDAYLICHT,04/23/15 22:50:03,100
POX,04/23/15 22:50:08,100
RYU,04/23/15 22:50:08,100
FLOODLIGHT,04/23/15 22:50:08,100
OPENDAYLICHT,04/23/15 22:50:08,100
POX,04/23/15 22:50:13,100
RYU,04/23/15 22:50:14,100
FLOODLIGHT,04/23/15 22:50:14,100
OPENDAYLICHT,04/23/15 22:50:14,100
POX,04/23/15 22:50:19,100
RYU,04/23/15 22:50:19,100
FLOODLIGHT,04/23/15 22:50:19,100
OPENDAYLICHT,04/23/15 22:50:19,100
POX,04/23/15 22:50:24,100
RYU,04/23/15 22:50:24,100
FLOODLIGHT,04/23/15 22:50:24,100
OPENDAYLICHT,04/23/15 22:50:24,100
POX,04/23/15 22:50:29,100
RYU,04/23/15 22:50:29,100
FLOODLIGHT,04/23/15 22:50:29,100
OPENDAYLICHT,04/23/15 22:50:29,100
POX,04/23/15 22:50:35,100
RYU,04/23/15 22:50:35,100
FLOODLIGHT,04/23/15 22:50:35,100
OPENDAYLICHT,04/23/15 22:50:35,100
POX,04/23/15 22:50:40,100
RYU,04/23/15 22:50:40,100
FLOODLIGHT,04/23/15 22:50:40,100
OPENDAYLICHT,04/23/15 22:50:40,100
POX,04/23/15 22:50:45,100
RYU,04/23/15 22:50:45,100
FLOODLIGHT,04/23/15 22:50:45,100
OPENDAYLICHT,04/23/15 22:50:45,100
POX,04/23/15 22:50:50,100
RYU,04/23/15 22:50:51,100
FLOODLIGHT,04/23/15 22:50:51,100
OPENDAYLICHT,04/23/15 22:50:51,100
POX,04/23/15 22:50:56,100
RYU,04/23/15 22:50:56,100
FLOODLIGHT,04/23/15 22:50:56,100
OPENDAYLICHT,04/23/15 22:50:56,100
POX,04/23/15 22:51:01,100
RYU,04/23/15 22:51:01,100
FLOODLIGHT,04/23/15 22:51:01,100
OPENDAYLICHT,04/23/15 22:51:01,100
POX,04/23/15 22:51:06,100
RYU,04/23/15 22:51:06,100
FLOODLIGHT,04/23/15 22:51:06,100
OPENDAYLICHT,04/23/15 22:51:06,100
POX,04/23/15 22:51:11,100
RYU,04/23/15 22:51:12,100
FLOODLIGHT,04/23/15 22:51:12,100
OPENDAYLICHT,04/23/15 22:51:12,100
POX,04/23/15 22:51:17,100
RYU,04/23/15 22:51:17,100
FLOODLIGHT,04/23/15 22:51:17,100
OPENDAYLICHT,04/23/15 22:51:17,100
POX,04/23/15 22:51:22,100
RYU,04/23/15 22:51:22,100
FLOODLIGHT,04/23/15 22:51:22,100
OPENDAYLICHT,04/23/15 22:51:22,100
POX,04/23/15 22:51:27,100
RYU,04/23/15 22:51:27,100
FLOODLIGHT,04/23/15 22:51:27,100
OPENDAYLICHT,04/23/15 22:51:27,100
POX,04/23/15 22:51:33,100
RYU,04/23/15 22:51:33,100
FLOODLIGHT,04/23/15 22:51:33,100
OPENDAYLICHT,04/23/15 22:51:33,100
POX,04/23/15 22:51:38,100
RYU,04/23/15 22:51:38,100
FLOODLIGHT,04/23/15 22:51:38,100
OPENDAYLICHT,04/23/15 22:51:38,100
POX,04/23/15 22:51:43,100
RYU,04/23/15 22:51:43,100
FLOODLIGHT,04/23/15 22:51:43,100
OPENDAYLICHT,04/23/15 22:51:43,100
POX,04/23/15 22:51:48,100
RYU,04/23/15 22:51:48,100
FLOODLIGHT,04/23/15 22:51:48,100
OPENDAYLICHT,04/23/15 22:51:49,100
POX,04/23/15 22:51:54,100
RYU,04/23/15 22:51:54,100
FLOODLIGHT,04/23/15 22:51:54,100
OPENDAYLICHT,04/23/15 22:51:54,100
POX,04/23/15 22:51:59,100
RYU,04/23/15 22:51:59,100
FLOODLIGHT,04/23/15 22:51:59,100
OPENDAYLICHT,04/23/15 22:51:59,100
POX,04/23/15 22:52:04,100
RYU,04/23/15 22:52:05,100
FLOODLIGHT,04/23/15 22:52:05,100
OPENDAYLICHT,04/23/15 22:52:05,100
POX,04/23/15 22:52:10,100
RYU,04/23/15 22:52:10,100
FLOODLIGHT,04/23/15 22:52:10,100
OPENDAYLICHT,04/23/15 22:52:10,100
POX,04/23/15 22:52:15,100
RYU,04/23/15 22:52:15,100
FLOODLIGHT,04/23/15 22:52:15,100
OPENDAYLICHT,04/23/15 22:52:15,100
POX,04/23/15 22:52:20,100
RYU,04/23/15 22:52:20,100
FLOODLIGHT,04/23/15 22:52:20,100
OPENDAYLICHT,04/23/15 22:52:20,100
POX,04/23/15 22:52:25,100
RYU,04/23/15 22:52:26,100
FLOODLIGHT,04/23/15 22:52:26,100
OPENDAYLICHT,04/23/15 22:52:26,100
POX,04/23/15 22:52:31,100
RYU,04/23/15 22:52:31,100
FLOODLIGHT,04/23/15 22:52:31,100
OPENDAYLICHT,04/23/15 22:52:31,100
POX,04/23/15 22:52:36,100
RYU,04/23/15 22:52:36,100
FLOODLIGHT,04/23/15 22:52:36,100
OPENDAYLICHT,04/23/15 22:52:36,100
POX,04/23/15 22:52:41,100
RYU,04/23/15 22:52:41,100
FLOODLIGHT,04/23/15 22:52:41,100
OPENDAYLICHT,04/23/15 22:52:41,100
POX,04/23/15 22:52:47,100
RYU,04/23/15 22:52:47,100
FLOODLIGHT,04/23/15 22:52:47,100
OPENDAYLICHT,04/23/15 22:52:47,100
POX,04/23/15 22:52:52,100
RYU,04/23/15 22:52:52,100
FLOODLIGHT,04/23/15 22:52:52,100
OPENDAYLICHT,04/23/15 22:52:52,100
POX,04/23/15 22:52:57,100
RYU,04/23/15 22:52:57,100
FLOODLIGHT,04/23/15 22:52:57,100
OPENDAYLICHT,04/23/15 22:52:57,100
POX,04/23/15 22:53:02,100
RYU,04/23/15 22:53:02,100
FLOODLIGHT,04/23/15 22:53:02,100
OPENDAYLICHT,04/23/15 22:53:03,100
POX,04/23/15 22:53:08,100
RYU,04/23/15 22:53:08,100
FLOODLIGHT,04/23/15 22:53:08,100
OPENDAYLICHT,04/23/15 22:53:08,100
POX,04/23/15 22:53:13,100
RYU,04/23/15 22:53:13,100
FLOODLIGHT,04/23/15 22:53:13,100
OPENDAYLICHT,04/23/15 22:53:13,100
POX,04/23/15 22:53:18,100
RYU,04/23/15 22:53:18,100
FLOODLIGHT,04/23/15 22:53:18,100
OPENDAYLICHT,04/23/15 22:53:18,100
POX,04/23/15 22:53:23,100
RYU,04/23/15 22:53:24,100
FLOODLIGHT,04/23/15 22:53:24,100
OPENDAYLICHT,04/23/15 22:53:24,100
POX,04/23/15 22:53:29,100
RYU,04/23/15 22:53:29,100
FLOODLIGHT,04/23/15 22:53:29,100
OPENDAYLICHT,04/23/15 22:53:29,100
POX,04/23/15 22:53:34,100
RYU,04/23/15 22:53:34,100
FLOODLIGHT,04/23/15 22:53:34,100
OPENDAYLICHT,04/23/15 22:53:34,100
POX,04/23/15 22:53:39,100
RYU,04/23/15 22:53:39,100
FLOODLIGHT,04/23/15 22:53:39,100
OPENDAYLICHT,04/23/15 22:53:39,100
POX,04/23/15 22:53:45,100
RYU,04/23/15 22:53:45,100
FLOODLIGHT,04/23/15 22:53:45,100
OPENDAYLICHT,04/23/15 22:53:45,100
POX,04/23/15 22:53:50,100
RYU,04/23/15 22:53:50,100
FLOODLIGHT,04/23/15 22:53:50,100
OPENDAYLICHT,04/23/15 22:53:50,100
POX,04/23/15 22:53:55,100
RYU,04/23/15 22:53:55,100
FLOODLIGHT,04/23/15 22:53:55,100
OPENDAYLICHT,04/23/15 22:53:55,100
POX,04/23/15 22:54:00,100
RYU,04/23/15 22:54:00,100
FLOODLIGHT,04/23/15 22:54:00,100
OPENDAYLICHT,04/23/15 22:54:01,100
POX,04/23/15 22:54:06,100
RYU,04/23/15 22:54:06,100
FLOODLIGHT,04/23/15 22:54:06,100
OPENDAYLICHT,04/23/15 22:54:06,100
POX,04/23/15 22:54:11,100
RYU,04/23/15 22:54:11,100
FLOODLIGHT,04/23/15 22:54:11,100
OPENDAYLICHT,04/23/15 22:54:11,100
POX,04/23/15 22:54:16,100
RYU,04/23/15 22:54:16,100
FLOODLIGHT,04/23/15 22:54:16,100
OPENDAYLICHT,04/23/15 22:54:16,100
POX,04/23/15 22:54:21,100
RYU,04/23/15 22:54:21,100
FLOODLIGHT,04/23/15 22:54:21,100
OPENDAYLICHT,04/23/15 22:54:21,100
POX,04/23/15 22:54:27,100
RYU,04/23/15 22:54:27,100
FLOODLIGHT,04/23/15 22:54:27,100
OPENDAYLICHT,04/23/15 22:54:27,100
POX,04/23/15 22:54:32,100
RYU,04/23/15 22:54:32,100
FLOODLIGHT,04/23/15 22:54:32,100
OPENDAYLICHT,04/23/15 22:54:32,100
POX,04/23/15 22:54:37,100
RYU,04/23/15 22:54:37,100
FLOODLIGHT,04/23/15 22:54:37,100
OPENDAYLICHT,04/23/15 22:54:37,100
POX,04/23/15 22:54:42,100
RYU,04/23/15 22:54:43,100
FLOODLIGHT,04/23/15 22:54:43,100
OPENDAYLICHT,04/23/15 22:54:43,100
POX,04/23/15 22:54:48,100
RYU,04/23/15 22:54:48,100
FLOODLIGHT,04/23/15 22:54:48,100
OPENDAYLICHT,04/23/15 22:54:48,100
POX,04/23/15 22:54:53,100
RYU,04/23/15 22:54:53,100
FLOODLIGHT,04/23/15 22:54:53,100
OPENDAYLICHT,04/23/15 22:54:53,100
POX,04/23/15 22:54:58,100
RYU,04/23/15 22:54:59,100
FLOODLIGHT,04/23/15 22:54:59,100
OPENDAYLICHT,04/23/15 22:54:59,100
POX,04/23/15 22:55:04,100
RYU,04/23/15 22:55:04,100
FLOODLIGHT,04/23/15 22:55:04,100
OPENDAYLICHT,04/23/15 22:55:04,100
POX,04/23/15 22:55:09,100
RYU,04/23/15 22:55:09,100
FLOODLIGHT,04/23/15 22:55:09,100
OPENDAYLICHT,04/23/15 22:55:09,100
POX,04/23/15 22:55:14,100
RYU,04/23/15 22:55:14,100
FLOODLIGHT,04/23/15 22:55:14,100
OPENDAYLICHT,04/23/15 22:55:14,100
POX,04/23/15 22:55:20,100
RYU,04/23/15 22:55:20,100
FLOODLIGHT,04/23/15 22:55:20,100
OPENDAYLICHT,04/23/15 22:55:20,100
POX,04/23/15 22:55:25,100
RYU,04/23/15 22:55:25,100
FLOODLIGHT,04/23/15 22:55:25,100
OPENDAYLICHT,04/23/15 22:55:25,100
POX,04/23/15 22:55:30,100
RYU,04/23/15 22:55:30,100
FLOODLIGHT,04/23/15 22:55:30,100
OPENDAYLICHT,04/23/15 22:55:30,100
POX,04/23/15 22:55:35,100
RYU,04/23/15 22:55:35,100
FLOODLIGHT,04/23/15 22:55:35,100
OPENDAYLICHT,04/23/15 22:55:35,100
POX,04/23/15 22:55:40,100
RYU,04/23/15 22:55:41,100
FLOODLIGHT,04/23/15 22:55:41,100
OPENDAYLICHT,04/23/15 22:55:41,100
POX,04/23/15 22:55:46,100
RYU,04/23/15 22:55:46,100
FLOODLIGHT,04/23/15 22:55:46,100
OPENDAYLICHT,04/23/15 22:55:46,100
POX,04/23/15 22:55:51,100
RYU,04/23/15 22:55:51,100
FLOODLIGHT,04/23/15 22:55:51,100
OPENDAYLICHT,04/23/15 22:55:51,100
POX,04/23/15 22:55:56,100
RYU,04/23/15 22:55:56,100
FLOODLIGHT,04/23/15 22:55:56,100
OPENDAYLICHT,04/23/15 22:56:59,0
POX,04/23/15 22:57:04,100
RYU,04/23/15 22:57:05,100
FLOODLIGHT,04/23/15 22:57:05,100
OPENDAYLICHT,04/23/15 22:58:08,0
POX,04/23/15 22:58:13,100
RYU,04/23/15 22:58:13,100
FLOODLIGHT,04/23/15 22:58:13,100
OPENDAYLICHT,04/23/15 22:59:16,0
POX,04/23/15 22:59:21,100
RYU,04/23/15 22:59:21,100
FLOODLIGHT,04/23/15 22:59:21,100
OPENDAYLICHT,04/23/15 23:00:24,0
POX,04/23/15 23:00:29,100
RYU,04/23/15 23:00:29,100
FLOODLIGHT,04/23/15 23:00:29,100
OPENDAYLICHT,04/23/15 23:01:32,0
POX,04/23/15 23:01:37,100
RYU,04/23/15 23:01:37,100
FLOODLIGHT,04/23/15 23:01:37,100
OPENDAYLICHT,04/23/15 23:02:40,0
POX,04/23/15 23:02:45,100
RYU,04/23/15 23:02:46,100
FLOODLIGHT,04/23/15 23:02:46,100
OPENDAYLICHT,04/23/15 23:03:49,0
POX,04/23/15 23:03:54,100
RYU,04/23/15 23:03:54,100
FLOODLIGHT,04/23/15 23:03:54,100
OPENDAYLICHT,04/23/15 23:04:57,0
POX,04/23/15 23:05:02,100
RYU,04/23/15 23:05:02,0
FLOODLIGHT,04/23/15 23:05:02,100
OPENDAYLICHT,04/23/15 23:06:05,0
POX,04/23/15 23:06:10,100
RYU,04/23/15 23:06:10,0
FLOODLIGHT,04/23/15 23:06:10,100
OPENDAYLICHT,04/23/15 23:07:13,0
POX,04/23/15 23:07:18,100
RYU,04/23/15 23:07:18,0
FLOODLIGHT,04/23/15 23:07:18,100
OPENDAYLICHT,04/23/15 23:08:21,0
POX,04/23/15 23:08:26,100
RYU,04/23/15 23:08:26,0
FLOODLIGHT,04/23/15 23:08:26,100
OPENDAYLICHT,04/23/15 23:09:29,0
POX,04/23/15 23:09:34,100
RYU,04/23/15 23:09:35,0
FLOODLIGHT,04/23/15 23:09:35,100
OPENDAYLICHT,04/23/15 23:10:38,0
POX,04/23/15 23:10:43,100
RYU,04/23/15 23:10:43,0
FLOODLIGHT,04/23/15 23:10:43,100
OPENDAYLICHT,04/23/15 23:11:46,0
POX,04/23/15 23:11:51,100
RYU,04/23/15 23:11:51,0
FLOODLIGHT,04/23/15 23:11:51,100
OPENDAYLICHT,04/23/15 23:12:54,0
POX,04/23/15 23:12:59,100
RYU,04/23/15 23:12:59,0
FLOODLIGHT,04/23/15 23:12:59,100
OPENDAYLICHT,04/23/15 23:14:02,0
POX,04/23/15 23:14:07,100
RYU,04/23/15 23:14:07,0
FLOODLIGHT,04/23/15 23:14:07,100
OPENDAYLICHT,04/23/15 23:15:10,0
POX,04/23/15 23:15:15,100
RYU,04/23/15 23:15:15,0
FLOODLIGHT,04/23/15 23:15:15,100
OPENDAYLICHT,04/23/15 23:16:18,0
POX,04/23/15 23:16:23,100
RYU,04/23/15 23:16:23,0
FLOODLIGHT,04/23/15 23:16:23,100
OPENDAYLICHT,04/23/15 23:17:26,0
POX,04/23/15 23:17:31,100
RYU,04/23/15 23:17:31,0
FLOODLIGHT,04/23/15 23:17:31,100
OPENDAYLICHT,04/23/15 23:18:34,0
POX,04/23/15 23:18:40,100
RYU,04/23/15 23:18:40,0
FLOODLIGHT,04/23/15 23:18:40,100
OPENDAYLICHT,04/23/15 23:19:43,0
POX,04/23/15 23:19:48,100
RYU,04/23/15 23:19:48,0
FLOODLIGHT,04/23/15 23:19:48,100
OPENDAYLICHT,04/23/15 23:20:51,0
POX,04/23/15 23:20:56,100
RYU,04/23/15 23:20:56,0
FLOODLIGHT,04/23/15 23:20:56,100
OPENDAYLICHT,04/23/15 23:21:59,0
POX,04/23/15 23:22:04,100
RYU,04/23/15 23:22:04,0
FLOODLIGHT,04/23/15 23:22:04,100
OPENDAYLICHT,04/23/15 23:23:07,0
POX,04/23/15 23:23:12,100
RYU,04/23/15 23:23:12,0
FLOODLIGHT,04/23/15 23:23:12,100
OPENDAYLICHT,04/23/15 23:24:15,0
POX,04/23/15 23:24:20,100
RYU,04/23/15 23:24:20,0
FLOODLIGHT,04/23/15 23:24:20,100
OPENDAYLICHT,04/23/15 23:25:23,0
POX,04/23/15 23:25:28,100
RYU,04/23/15 23:25:28,0
FLOODLIGHT,04/23/15 23:25:28,100
OPENDAYLICHT,04/23/15 23:26:31,0
POX,04/23/15 23:26:37,100
RYU,04/23/15 23:26:37,0
FLOODLIGHT,04/23/15 23:26:37,100
OPENDAYLICHT,04/23/15 23:27:40,0
POX,04/23/15 23:27:45,100
RYU,04/23/15 23:27:45,0
FLOODLIGHT,04/23/15 23:27:45,100
OPENDAYLICHT,04/23/15 23:28:48,0
POX,04/23/15 23:28:53,100
RYU,04/23/15 23:28:53,0
FLOODLIGHT,04/23/15 23:28:53,100
OPENDAYLICHT,04/23/15 23:29:56,0
POX,04/23/15 23:30:01,100
RYU,04/23/15 23:30:01,0
FLOODLIGHT,04/23/15 23:30:01,100
OPENDAYLICHT,04/23/15 23:31:04,0
POX,04/23/15 23:31:09,100
RYU,04/23/15 23:31:09,0
FLOODLIGHT,04/23/15 23:31:09,100
OPENDAYLICHT,04/23/15 23:32:12,0
POX,04/23/15 23:32:17,100
RYU,04/23/15 23:32:17,0
FLOODLIGHT,04/23/15 23:32:17,100
OPENDAYLICHT,04/23/15 23:33:20,0
POX,04/23/15 23:33:25,100
RYU,04/23/15 23:33:25,0
FLOODLIGHT,04/23/15 23:33:25,100
OPENDAYLICHT,04/23/15 23:34:28,0
POX,04/23/15 23:34:33,100
RYU,04/23/15 23:34:33,0
FLOODLIGHT,04/23/15 23:34:33,100
OPENDAYLICHT,04/23/15 23:35:36,0
POX,04/23/15 23:35:42,100
RYU,04/23/15 23:35:42,0
FLOODLIGHT,04/23/15 23:35:42,100
OPENDAYLICHT,04/23/15 23:36:45,0
POX,04/23/15 23:36:50,100
RYU,04/23/15 23:36:50,0
FLOODLIGHT,04/23/15 23:36:50,0
OPENDAYLICHT,04/23/15 23:37:53,0
POX,04/23/15 23:37:58,100
RYU,04/23/15 23:37:58,0
FLOODLIGHT,04/23/15 23:37:58,0
OPENDAYLICHT,04/23/15 23:39:01,0
POX,04/23/15 23:39:06,100
RYU,04/23/15 23:39:06,0
FLOODLIGHT,04/23/15 23:39:06,0
OPENDAYLICHT,04/23/15 23:40:09,0
POX,04/23/15 23:40:14,100
RYU,04/23/15 23:40:14,0
FLOODLIGHT,04/23/15 23:40:14,0
OPENDAYLICHT,04/23/15 23:41:17,0
POX,04/23/15 23:41:22,100
RYU,04/23/15 23:41:22,0
FLOODLIGHT,04/23/15 23:41:22,0
OPENDAYLICHT,04/23/15 23:42:25,0
POX,04/23/15 23:42:31,100
RYU,04/23/15 23:42:31,0
FLOODLIGHT,04/23/15 23:42:31,0
OPENDAYLICHT,04/23/15 23:43:34,0
POX,04/23/15 23:43:39,100
RYU,04/23/15 23:43:39,0
FLOODLIGHT,04/23/15 23:43:39,0
OPENDAYLICHT,04/23/15 23:44:42,0
POX,04/23/15 23:44:47,100
RYU,04/23/15 23:44:47,0
FLOODLIGHT,04/23/15 23:44:47,0
OPENDAYLICHT,04/23/15 23:45:50,0
POX,04/23/15 23:45:55,100
RYU,04/23/15 23:45:55,0
FLOODLIGHT,04/23/15 23:45:55,0
OPENDAYLICHT,04/23/15 23:46:58,0
POX,04/23/15 23:47:03,100
RYU,04/23/15 23:47:03,0
FLOODLIGHT,04/23/15 23:47:03,0
OPENDAYLICHT,04/23/15 23:48:06,0
POX,04/23/15 23:48:11,100
RYU,04/23/15 23:48:11,0
FLOODLIGHT,04/23/15 23:48:11,0
OPENDAYLICHT,04/23/15 23:49:14,0
POX,04/23/15 23:49:20,100
RYU,04/23/15 23:49:20,0
FLOODLIGHT,04/23/15 23:49:20,0
OPENDAYLICHT,04/23/15 23:50:23,0
POX,04/23/15 23:50:28,100
RYU,04/23/15 23:50:28,0
FLOODLIGHT,04/23/15 23:50:28,0
OPENDAYLICHT,04/23/15 23:51:31,0
POX,04/23/15 23:51:36,100
RYU,04/23/15 23:51:36,0
FLOODLIGHT,04/23/15 23:51:36,0
OPENDAYLICHT,04/23/15 23:52:39,0
POX,04/23/15 23:52:44,100
RYU,04/23/15 23:52:44,0
FLOODLIGHT,04/23/15 23:52:44,0
OPENDAYLICHT,04/23/15 23:53:47,0
POX,04/23/15 23:53:52,100
RYU,04/23/15 23:53:52,0
FLOODLIGHT,04/23/15 23:53:52,0
OPENDAYLICHT,04/23/15 23:54:55,0
POX,04/23/15 23:55:00,100
RYU,04/23/15 23:55:00,0
FLOODLIGHT,04/23/15 23:55:01,0
OPENDAYLICHT,04/23/15 23:56:04,0
POX,04/23/15 23:56:09,100
RYU,04/23/15 23:56:09,0
FLOODLIGHT,04/23/15 23:56:09,0
OPENDAYLICHT,04/23/15 23:57:12,0
POX,04/23/15 23:57:17,100
RYU,04/23/15 23:57:17,0
FLOODLIGHT,04/23/15 23:57:17,0
OPENDAYLICHT,04/23/15 23:58:20,0
POX,04/23/15 23:58:25,100
RYU,04/23/15 23:58:25,0
FLOODLIGHT,04/23/15 23:58:25,0
OPENDAYLICHT,04/23/15 23:59:28,0
POX,04/23/15 23:59:33,100
RYU,04/23/15 23:59:33,0
FLOODLIGHT,04/23/15 23:59:33,0
OPENDAYLICHT,04/24/15 00:00:36,0
POX,04/24/15 00:00:41,100
RYU,04/24/15 00:00:41,0
FLOODLIGHT,04/24/15 00:00:41,0
OPENDAYLICHT,04/24/15 00:01:44,0
POX,04/24/15 00:01:49,100
RYU,04/24/15 00:01:49,0
FLOODLIGHT,04/24/15 00:01:50,0
OPENDAYLICHT,04/24/15 00:02:53,0
POX,04/24/15 00:02:58,100
RYU,04/24/15 00:02:58,0
FLOODLIGHT,04/24/15 00:02:58,0
OPENDAYLICHT,04/24/15 00:04:01,0
POX,04/24/15 00:04:06,100
RYU,04/24/15 00:04:06,0
FLOODLIGHT,04/24/15 00:04:06,0
OPENDAYLICHT,04/24/15 00:05:09,0
POX,04/24/15 00:05:14,100
RYU,04/24/15 00:05:14,0
FLOODLIGHT,04/24/15 00:05:14,0
OPENDAYLICHT,04/24/15 00:06:17,0
POX,04/24/15 00:06:22,100
RYU,04/24/15 00:06:22,0
FLOODLIGHT,04/24/15 00:06:22,0
OPENDAYLICHT,04/24/15 00:07:25,0
POX,04/24/15 00:07:30,100
RYU,04/24/15 00:07:30,0
FLOODLIGHT,04/24/15 00:07:30,0
OPENDAYLICHT,04/24/15 00:08:33,0
POX,04/24/15 00:08:38,100
RYU,04/24/15 00:08:39,0
FLOODLIGHT,04/24/15 00:08:39,0
OPENDAYLICHT,04/24/15 00:09:42,0
POX,04/24/15 00:09:47,100
RYU,04/24/15 00:09:47,0
FLOODLIGHT,04/24/15 00:09:47,0
OPENDAYLICHT,04/24/15 00:10:50,0
POX,04/24/15 00:10:55,100
RYU,04/24/15 00:10:55,0
FLOODLIGHT,04/24/15 00:10:55,0
OPENDAYLICHT,04/24/15 00:11:58,0
POX,04/24/15 00:12:03,100
RYU,04/24/15 00:12:03,0
FLOODLIGHT,04/24/15 00:12:03,0
OPENDAYLICHT,04/24/15 00:13:06,0
POX,04/24/15 00:13:11,100
RYU,04/24/15 00:13:11,0
FLOODLIGHT,04/24/15 00:13:11,0
OPENDAYLICHT,04/24/15 00:14:14,0
POX,04/24/15 00:14:19,100
RYU,04/24/15 00:14:19,0
FLOODLIGHT,04/24/15 00:14:19,0
OPENDAYLICHT,04/24/15 00:15:22,0
POX,04/24/15 00:15:27,100
RYU,04/24/15 00:15:28,0
FLOODLIGHT,04/24/15 00:15:28,0
OPENDAYLICHT,04/24/15 00:16:31,0
POX,04/24/15 00:16:36,100
RYU,04/24/15 00:16:36,0
FLOODLIGHT,04/24/15 00:16:36,0
OPENDAYLICHT,04/24/15 00:17:39,0
POX,04/24/15 00:17:44,100
RYU,04/24/15 00:17:44,0
FLOODLIGHT,04/24/15 00:17:44,0
OPENDAYLICHT,04/24/15 00:18:47,0
POX,04/24/15 00:18:52,100
RYU,04/24/15 00:18:52,0
FLOODLIGHT,04/24/15 00:18:52,0
OPENDAYLICHT,04/24/15 00:19:55,0
POX,04/24/15 00:20:00,100
RYU,04/24/15 00:20:00,0
FLOODLIGHT,04/24/15 00:20:00,0
OPENDAYLICHT,04/24/15 00:21:03,0
POX,04/24/15 00:21:08,100
RYU,04/24/15 00:21:08,0
FLOODLIGHT,04/24/15 00:21:08,0
OPENDAYLICHT,04/24/15 00:22:11,0
POX,04/24/15 00:22:16,100
RYU,04/24/15 00:22:17,0
FLOODLIGHT,04/24/15 00:22:17,0
OPENDAYLICHT,04/24/15 00:23:20,0
POX,04/24/15 00:23:25,100
RYU,04/24/15 00:23:25,0
FLOODLIGHT,04/24/15 00:23:25,0
OPENDAYLICHT,04/24/15 00:24:28,0
POX,04/24/15 00:24:33,100
RYU,04/24/15 00:24:33,0
FLOODLIGHT,04/24/15 00:24:33,0
OPENDAYLICHT,04/24/15 00:25:36,0
POX,04/24/15 00:25:41,100
RYU,04/24/15 00:25:41,0
FLOODLIGHT,04/24/15 00:25:41,0
OPENDAYLICHT,04/24/15 00:26:44,0
POX,04/24/15 00:26:49,100
RYU,04/24/15 00:26:49,0
FLOODLIGHT,04/24/15 00:26:49,0
OPENDAYLICHT,04/24/15 00:27:52,0
POX,04/24/15 00:27:57,100
RYU,04/24/15 00:27:57,0
FLOODLIGHT,04/24/15 00:27:57,0
OPENDAYLICHT,04/24/15 00:29:00,0
POX,04/24/15 00:29:05,100
RYU,04/24/15 00:29:05,0
FLOODLIGHT,04/24/15 00:29:06,0
OPENDAYLICHT,04/24/15 00:30:09,0
POX,04/24/15 00:30:14,100
RYU,04/24/15 00:30:14,0
FLOODLIGHT,04/24/15 00:30:14,0
OPENDAYLICHT,04/24/15 00:31:17,0
POX,04/24/15 00:31:22,100
RYU,04/24/15 00:31:22,0
FLOODLIGHT,04/24/15 00:31:22,0
OPENDAYLICHT,04/24/15 00:32:25,0
POX,04/24/15 00:32:30,100
RYU,04/24/15 00:32:30,0
FLOODLIGHT,04/24/15 00:32:30,0
OPENDAYLICHT,04/24/15 00:33:33,0
POX,04/24/15 00:33:38,100
RYU,04/24/15 00:33:38,0
FLOODLIGHT,04/24/15 00:33:38,0
OPENDAYLICHT,04/24/15 00:34:41,0
POX,04/24/15 00:34:46,100
RYU,04/24/15 00:34:46,0
FLOODLIGHT,04/24/15 00:34:46,0
OPENDAYLICHT,04/24/15 00:35:49,0
POX,04/24/15 00:35:54,100
RYU,04/24/15 00:35:54,0
FLOODLIGHT,04/24/15 00:35:55,0
OPENDAYLICHT,04/24/15 00:36:58,0
POX,04/24/15 00:37:03,100
RYU,04/24/15 00:37:03,0
FLOODLIGHT,04/24/15 00:37:03,0
OPENDAYLICHT,04/24/15 00:38:06,0
POX,04/24/15 00:38:11,100
RYU,04/24/15 00:38:11,0
FLOODLIGHT,04/24/15 00:38:11,0
OPENDAYLICHT,04/24/15 00:39:14,0
POX,04/24/15 00:39:19,100
RYU,04/24/15 00:39:19,0
FLOODLIGHT,04/24/15 00:39:19,0
OPENDAYLICHT,04/24/15 00:40:22,0
POX,04/24/15 00:40:27,100
RYU,04/24/15 00:40:27,0
FLOODLIGHT,04/24/15 00:40:27,0
OPENDAYLICHT,04/24/15 00:41:30,0
POX,04/24/15 00:41:35,100
RYU,04/24/15 00:41:35,0
FLOODLIGHT,04/24/15 00:41:35,0
OPENDAYLICHT,04/24/15 00:42:38,0
POX,04/24/15 00:42:43,100
RYU,04/24/15 00:42:43,0
FLOODLIGHT,04/24/15 00:42:44,0
OPENDAYLICHT,04/24/15 00:43:47,0
POX,04/24/15 00:43:52,100
RYU,04/24/15 00:43:52,0
FLOODLIGHT,04/24/15 00:43:52,0
OPENDAYLICHT,04/24/15 00:44:55,0
POX,04/24/15 00:45:00,100
RYU,04/24/15 00:45:00,0
FLOODLIGHT,04/24/15 00:45:00,0
OPENDAYLICHT,04/24/15 00:46:03,0
POX,04/24/15 00:46:08,100
RYU,04/24/15 00:46:08,0
FLOODLIGHT,04/24/15 00:46:08,0
OPENDAYLICHT,04/24/15 00:47:11,0
POX,04/24/15 00:47:16,100
RYU,04/24/15 00:47:16,0
FLOODLIGHT,04/24/15 00:47:16,0
OPENDAYLICHT,04/24/15 00:48:19,0
POX,04/24/15 00:48:24,100
RYU,04/24/15 00:48:24,0
FLOODLIGHT,04/24/15 00:48:24,0
OPENDAYLICHT,04/24/15 00:49:27,0
POX,04/24/15 00:49:32,100
RYU,04/24/15 00:49:32,0
FLOODLIGHT,04/24/15 00:49:33,0
OPENDAYLICHT,04/24/15 00:50:36,0
POX,04/24/15 00:50:41,100
RYU,04/24/15 00:50:41,0
FLOODLIGHT,04/24/15 00:50:41,0
OPENDAYLICHT,04/24/15 00:51:44,0
POX,04/24/15 00:51:49,100
RYU,04/24/15 00:51:49,0
FLOODLIGHT,04/24/15 00:51:49,0
OPENDAYLICHT,04/24/15 00:52:52,0
POX,04/24/15 00:52:57,100
RYU,04/24/15 00:52:57,0
FLOODLIGHT,04/24/15 00:52:57,0
OPENDAYLICHT,04/24/15 00:54:00,0
POX,04/24/15 00:54:05,100
RYU,04/24/15 00:54:05,0
FLOODLIGHT,04/24/15 00:54:05,0
